# JRE version: OpenJDK Runtime Environment Temurin-21.0.7+6 (21.0.7+6) (build 21.0.7+6-LTS)
# Java VM: OpenJDK 64-Bit Server VM Temurin-21.0.7+6 (21.0.7+6-LTS, mixed mode, emulated-client, sharing, tiered, compressed oops, compressed class ptrs, g1 gc, windows-amd64)
GC Precious Log:
 CardTable entry size: 512
 Card Set container configuration: InlinePtr #cards 4 size 8 Array Of Cards #cards 16 size 48 Howl #buckets 8 coarsen threshold 3686 Howl Bitmap #cards 512 size 80 coarsen threshold 460 Card regions per heap region 1 cards per card region 4096
 CPUs: 8 total, 8 available
 Memory: 16309M
 Large Page Support: Disabled
 NUMA Support: Disabled
 Compressed Oops: Enabled (Zero based)
 Heap Region Size: 2M
 Heap Min Capacity: 8M
 Heap Initial Capacity: 256M
 Heap Max Capacity: 4078M
 Pre-touch: Disabled
 Parallel Workers: 8
 Concurrent Workers: 2
 Concurrent Refinement Workers: 8
 Periodic GC: Disabled
Heap:
 garbage-first heap   total 75776K, used 26252K [0x0000000701200000, 0x0000000800000000)
  region size 2048K, 6 young (12288K), 3 survivors (6144K)
 Metaspace       used 46895K, committed 47616K, reserved 1114112K
  class space    used 6038K, committed 6400K, reserved 1048576K
GC Heap History (20 events):
Event: 2.742 GC heap before
{Heap before GC invocations=7 (full 0):
 garbage-first heap   total 155648K, used 98308K [0x0000000701200000, 0x0000000800000000)
  region size 2048K, 45 young (92160K), 2 survivors (4096K)
 Metaspace       used 28747K, committed 29248K, reserved 1114112K
  class space    used 3780K, committed 4032K, reserved 1048576K
}
Event: 2.747 GC heap after
{Heap after GC invocations=8 (full 0):
 garbage-first heap   total 155648K, used 16295K [0x0000000701200000, 0x0000000800000000)
  region size 2048K, 4 young (8192K), 4 survivors (8192K)
 Metaspace       used 28747K, committed 29248K, reserved 1114112K
  class space    used 3780K, committed 4032K, reserved 1048576K
}
Event: 2.838 GC heap before
{Heap before GC invocations=8 (full 0):
 garbage-first heap   total 155648K, used 24487K [0x0000000701200000, 0x0000000800000000)
  region size 2048K, 9 young (18432K), 4 survivors (8192K)
 Metaspace       used 29432K, committed 30016K, reserved 1114112K
  class space    used 3865K, committed 4096K, reserved 1048576K
}
Event: 2.844 GC heap after
{Heap after GC invocations=9 (full 0):
 garbage-first heap   total 155648K, used 16188K [0x0000000701200000, 0x0000000800000000)
  region size 2048K, 3 young (6144K), 3 survivors (6144K)
 Metaspace       used 29432K, committed 30016K, reserved 1114112K
  class space    used 3865K, committed 4096K, reserved 1048576K
}
Event: 3.260 GC heap before
{Heap before GC invocations=10 (full 0):
 garbage-first heap   total 61440K, used 59196K [0x0000000701200000, 0x0000000800000000)
  region size 2048K, 24 young (49152K), 3 survivors (6144K)
 Metaspace       used 32318K, committed 32896K, reserved 1114112K
  class space    used 4273K, committed 4544K, reserved 1048576K
}
Event: 3.265 GC heap after
{Heap after GC invocations=11 (full 0):
 garbage-first heap   total 69632K, used 18469K [0x0000000701200000, 0x0000000800000000)
  region size 2048K, 4 young (8192K), 4 survivors (8192K)
 Metaspace       used 32318K, committed 32896K, reserved 1114112K
  class space    used 4273K, committed 4544K, reserved 1048576K
}
Event: 3.603 GC heap before
{Heap before GC invocations=11 (full 0):
 garbage-first heap   total 69632K, used 51237K [0x0000000701200000, 0x0000000800000000)
  region size 2048K, 20 young (40960K), 4 survivors (8192K)
 Metaspace       used 37323K, committed 37952K, reserved 1114112K
  class space    used 4850K, committed 5120K, reserved 1048576K
}
Event: 3.608 GC heap after
{Heap after GC invocations=12 (full 0):
 garbage-first heap   total 69632K, used 20364K [0x0000000701200000, 0x0000000800000000)
  region size 2048K, 3 young (6144K), 3 survivors (6144K)
 Metaspace       used 37323K, committed 37952K, reserved 1114112K
  class space    used 4850K, committed 5120K, reserved 1048576K
}
Event: 4.163 GC heap before
{Heap before GC invocations=12 (full 0):
 garbage-first heap   total 69632K, used 55180K [0x0000000701200000, 0x0000000800000000)
  region size 2048K, 20 young (40960K), 3 survivors (6144K)
 Metaspace       used 40622K, committed 41280K, reserved 1114112K
  class space    used 5254K, committed 5568K, reserved 1048576K
}
Event: 4.169 GC heap after
{Heap after GC invocations=13 (full 0):
 garbage-first heap   total 83968K, used 21666K [0x0000000701200000, 0x0000000800000000)
  region size 2048K, 2 young (4096K), 2 survivors (4096K)
 Metaspace       used 40622K, committed 41280K, reserved 1114112K
  class space    used 5254K, committed 5568K, reserved 1048576K
}
Event: 6.315 GC heap before
{Heap before GC invocations=13 (full 0):
 garbage-first heap   total 83968K, used 64674K [0x0000000701200000, 0x0000000800000000)
  region size 2048K, 24 young (49152K), 2 survivors (4096K)
 Metaspace       used 44716K, committed 45440K, reserved 1114112K
  class space    used 5816K, committed 6144K, reserved 1048576K
}
Event: 6.319 GC heap after
{Heap after GC invocations=14 (full 0):
 garbage-first heap   total 83968K, used 24365K [0x0000000701200000, 0x0000000800000000)
  region size 2048K, 3 young (6144K), 3 survivors (6144K)
 Metaspace       used 44716K, committed 45440K, reserved 1114112K
  class space    used 5816K, committed 6144K, reserved 1048576K
}
Event: 173.173 GC heap before
{Heap before GC invocations=14 (full 0):
 garbage-first heap   total 83968K, used 67373K [0x0000000701200000, 0x0000000800000000)
  region size 2048K, 24 young (49152K), 3 survivors (6144K)
 Metaspace       used 46507K, committed 47232K, reserved 1114112K
  class space    used 6036K, committed 6336K, reserved 1048576K
}
Event: 173.176 GC heap after
{Heap after GC invocations=15 (full 0):
 garbage-first heap   total 83968K, used 25456K [0x0000000701200000, 0x0000000800000000)
  region size 2048K, 2 young (4096K), 2 survivors (4096K)
 Metaspace       used 46507K, committed 47232K, reserved 1114112K
  class space    used 6036K, committed 6336K, reserved 1048576K
}
Event: 520.859 GC heap before
{Heap before GC invocations=15 (full 0):
 garbage-first heap   total 83968K, used 70512K [0x0000000701200000, 0x0000000800000000)
  region size 2048K, 24 young (49152K), 2 survivors (4096K)
 Metaspace       used 46507K, committed 47232K, reserved 1114112K
  class space    used 6036K, committed 6336K, reserved 1048576K
}
Event: 520.861 GC heap after
{Heap after GC invocations=16 (full 0):
 garbage-first heap   total 83968K, used 25615K [0x0000000701200000, 0x0000000800000000)
  region size 2048K, 1 young (2048K), 1 survivors (2048K)
 Metaspace       used 46507K, committed 47232K, reserved 1114112K
  class space    used 6036K, committed 6336K, reserved 1048576K
}
Event: 538.500 GC heap before
{Heap before GC invocations=16 (full 0):
 garbage-first heap   total 83968K, used 29711K [0x0000000701200000, 0x0000000800000000)
  region size 2048K, 4 young (8192K), 1 survivors (2048K)
 Metaspace       used 46594K, committed 47360K, reserved 1114112K
  class space    used 6055K, committed 6400K, reserved 1048576K
}
Event: 538.532 GC heap after
{Heap after GC invocations=17 (full 1):
 garbage-first heap   total 75776K, used 17471K [0x0000000701200000, 0x0000000800000000)
  region size 2048K, 0 young (0K), 0 survivors (0K)
 Metaspace       used 46144K, committed 47360K, reserved 1114112K
  class space    used 5947K, committed 6400K, reserved 1048576K
}
Event: 540.143 GC heap before
{Heap before GC invocations=17 (full 1):
 garbage-first heap   total 75776K, used 62527K [0x0000000701200000, 0x0000000800000000)
  region size 2048K, 22 young (45056K), 0 survivors (0K)
 Metaspace       used 46695K, committed 47488K, reserved 1114112K
  class space    used 6020K, committed 6400K, reserved 1048576K
}
Event: 540.146 GC heap after
{Heap after GC invocations=18 (full 1):
 garbage-first heap   total 75776K, used 22156K [0x0000000701200000, 0x0000000800000000)
  region size 2048K, 3 young (6144K), 3 survivors (6144K)
 Metaspace       used 46695K, committed 47488K, reserved 1114112K
  class space    used 6020K, committed 6400K, reserved 1048576K
}

